\BOOKMARK [1][-]{section.1}{\376\377\000I\000n\000t\000r\000o\000d\000u\000\347\000\343\000o}{}% 1
\BOOKMARK [1][-]{section.2}{\376\377\000R\000e\000v\000i\000s\000\343\000o\000\040\000d\000a\000\040\000L\000i\000t\000e\000r\000a\000t\000u\000r\000a}{}% 2
\BOOKMARK [1][-]{section.3}{\376\377\000M\000e\000t\000o\000d\000o\000l\000o\000g\000i\000a\000\040\000e\000\040\000b\000a\000s\000e\000\040\000d\000e\000\040\000d\000a\000d\000o\000s}{}% 3
\BOOKMARK [2][-]{subsection.3.1}{\376\377\000M\000o\000d\000e\000l\000o\000\040\000E\000c\000o\000n\000o\000m\000\351\000t\000r\000i\000c\000o}{section.3}% 4
\BOOKMARK [2][-]{subsection.3.2}{\376\377\000E\000s\000p\000e\000c\000i\000f\000i\000c\000a\000\347\000\365\000e\000s\000\040\000d\000o\000\040\000M\000o\000d\000e\000l\000o}{section.3}% 5
\BOOKMARK [2][-]{subsection.3.3}{\376\377\000B\000a\000s\000e\000s\000\040\000d\000e\000\040\000D\000a\000d\000o\000s}{section.3}% 6
\BOOKMARK [2][-]{subsection.3.4}{\376\377\000T\000r\000a\000t\000a\000m\000e\000n\000t\000o\000\040\000d\000o\000s\000\040\000D\000a\000d\000o\000s}{section.3}% 7
\BOOKMARK [2][-]{subsection.3.5}{\376\377\000T\000e\000s\000t\000e\000s\000\040\000d\000e\000\040\000D\000i\000a\000g\000n\000\363\000s\000t\000i\000c\000o\000\040\000d\000o\000\040\000M\000o\000d\000e\000l\000o}{section.3}% 8
\BOOKMARK [3][-]{subsubsection.3.5.1}{\376\377\000T\000e\000s\000t\000e\000\040\000d\000e\000\040\000M\000u\000l\000t\000i\000c\000o\000l\000i\000n\000e\000a\000r\000i\000d\000a\000d\000e}{subsection.3.5}% 9
\BOOKMARK [3][-]{subsubsection.3.5.2}{\376\377\000T\000e\000s\000t\000e\000\040\000d\000e\000\040\000H\000e\000t\000e\000r\000o\000c\000e\000d\000a\000s\000t\000i\000c\000i\000d\000a\000d\000e}{subsection.3.5}% 10
\BOOKMARK [1][-]{section.4}{\376\377\000R\000e\000s\000u\000l\000t\000a\000d\000o\000s}{}% 11
\BOOKMARK [2][-]{subsection.4.1}{\376\377\000M\000o\000d\000e\000l\000o\000\040\000p\000a\000r\000a\000\040\000o\000\040\000E\000n\000s\000i\000n\000o\000\040\000F\000u\000n\000d\000a\000m\000e\000n\000t\000a\000l}{section.4}% 12
\BOOKMARK [2][-]{subsection.4.2}{\376\377\000M\000o\000d\000e\000l\000o\000\040\000p\000a\000r\000a\000\040\000o\000\040\000E\000n\000s\000i\000n\000o\000\040\000M\000\351\000d\000i\000o}{section.4}% 13
\BOOKMARK [2][-]{subsection.4.3}{\376\377\000M\000o\000d\000e\000l\000o\000\040\000p\000a\000r\000a\000\040\000o\000\040\000E\000n\000s\000i\000n\000o\000\040\000S\000u\000p\000e\000r\000i\000o\000r}{section.4}% 14
\BOOKMARK [2][-]{subsection.4.4}{\376\377\000T\000a\000b\000e\000l\000a\000\040\000R\000e\000s\000u\000m\000o\000\040\000d\000o\000s\000\040\000C\000o\000e\000f\000i\000c\000i\000e\000n\000t\000e\000s}{section.4}% 15
\BOOKMARK [1][-]{section.5}{\376\377\000D\000i\000s\000c\000u\000s\000s\000\343\000o}{}% 16
\BOOKMARK [2][-]{subsection.5.1}{\376\377\000D\000i\000s\000c\000u\000s\000s\000\343\000o\000\040\000d\000o\000s\000\040\000R\000e\000s\000u\000l\000t\000a\000d\000o\000s}{section.5}% 17
\BOOKMARK [3][-]{subsubsection.5.1.1}{\376\377\000D\000e\000s\000i\000g\000u\000a\000l\000d\000a\000d\000e\000s\000\040\000d\000e\000\040\000G\000\352\000n\000e\000r\000o\000\040\000\050\000V\000a\000r\000i\000\341\000v\000e\000l\000\040\000H\000O\000M\000E\000M\000\051}{subsection.5.1}% 18
\BOOKMARK [3][-]{subsubsection.5.1.2}{\376\377\000D\000e\000s\000i\000g\000u\000a\000l\000d\000a\000d\000e\000s\000\040\000R\000a\000c\000i\000a\000i\000s\000\040\000\050\000V\000a\000r\000i\000\341\000v\000e\000l\000\040\000B\000R\000A\000N\000C\000O\000\051}{subsection.5.1}% 19
\BOOKMARK [3][-]{subsubsection.5.1.3}{\376\377\000S\000i\000g\000n\000i\000f\000i\000c\000\342\000n\000c\000i\000a\000\040\000E\000s\000t\000a\000t\000\355\000s\000t\000i\000c\000a\000\040\000e\000\040\000M\000a\000g\000n\000i\000t\000u\000d\000e\000\040\000d\000o\000s\000\040\000E\000f\000e\000i\000t\000o\000s}{subsection.5.1}% 20
\BOOKMARK [3][-]{subsubsection.5.1.4}{\376\377\000L\000i\000m\000i\000t\000a\000\347\000\365\000e\000s\000\040\000e\000\040\000S\000u\000g\000e\000s\000t\000\365\000e\000s\000\040\000p\000a\000r\000a\000\040\000E\000s\000t\000u\000d\000o\000s\000\040\000F\000u\000t\000u\000r\000o\000s}{subsection.5.1}% 21
\BOOKMARK [1][-]{section.6}{\376\377\000C\000o\000n\000s\000i\000d\000e\000r\000a\000\347\000\365\000e\000s\000\040\000f\000i\000n\000a\000i\000s}{}% 22
